#
# A fatal error has been detected by the Java Runtime Environment:
#
#  Internal Error (javaCalls.cpp:54), pid=26192, tid=0x0000000000006480
#  guarantee(thread->is_Java_thread()) failed: crucial check - the VM thread cannot and must not escape to Java code
#
# JRE version: OpenJDK Runtime Environment (Zulu 8.70.0.23-CA-win64) (8.0_372-b07) (build 1.8.0_372-b07)
# Java VM: OpenJDK 64-Bit Server VM (25.372-b07 mixed mode windows-amd64 compressed oops)
# Failed to write core dump. Minidumps are not enabled by default on client versions of Windows
#
# If you would like to submit a bug report, please visit:
#   http://www.azul.com/support/
#

---------------  T H R E A D  ---------------

Current thread (0x00000178fdfc4000):  VMThread [stack: 0x0000006267a00000,0x0000006267b00000] [id=25728]

Stack: [0x0000006267a00000,0x0000006267b00000]
[error occurred during error reporting (printing stack bounds), id 0xc0000005]

Native frames: (J=compiled Java code, j=interpreted, Vv=VM code, C=native code)

VM_Operation (0x0000006267fff650): GetOrSetLocal, mode: safepoint, requested by thread 0x000001789bc1e000


---------------  P R O C E S S  ---------------

Java Threads: ( => current thread )
  0x000001789d774800 JavaThread "Chunk I/O Executor Thread-1" daemon [_thread_blocked, id=1740, stack(0x000000626b800000,0x000000626b900000)]
  0x000001789d770000 JavaThread "Chunk Batcher 15" daemon [_thread_blocked, id=22712, stack(0x000000626b600000,0x000000626b700000)]
  0x000001789d76d800 JavaThread "Chunk Batcher 14" daemon [_thread_blocked, id=20368, stack(0x000000626b500000,0x000000626b600000)]
  0x000001789d773000 JavaThread "Chunk Batcher 13" daemon [_thread_blocked, id=27864, stack(0x000000626b400000,0x000000626b500000)]
  0x00000178b74e5800 JavaThread "Chunk Batcher 12" daemon [_thread_blocked, id=26588, stack(0x000000626b300000,0x000000626b400000)]
  0x00000178b74e4800 JavaThread "Chunk Batcher 11" daemon [_thread_blocked, id=6632, stack(0x000000626b200000,0x000000626b300000)]
  0x00000178b74e4000 JavaThread "Chunk Batcher 10" daemon [_thread_blocked, id=11640, stack(0x000000626b100000,0x000000626b200000)]
  0x00000178b74e3000 JavaThread "Chunk Batcher 9" daemon [_thread_blocked, id=20940, stack(0x000000626b000000,0x000000626b100000)]
  0x00000178b74e1800 JavaThread "Chunk Batcher 8" daemon [_thread_blocked, id=13704, stack(0x000000626af00000,0x000000626b000000)]
  0x00000178b74df000 JavaThread "Chunk Batcher 7" daemon [_thread_blocked, id=26100, stack(0x000000626ae00000,0x000000626af00000)]
  0x00000178b74e6000 JavaThread "Chunk Batcher 6" daemon [_thread_blocked, id=16164, stack(0x000000626ad00000,0x000000626ae00000)]
  0x00000178b74de800 JavaThread "Chunk Batcher 5" daemon [_thread_blocked, id=25552, stack(0x000000626ac00000,0x000000626ad00000)]
  0x00000178b74e0000 JavaThread "Chunk Batcher 4" daemon [_thread_blocked, id=2804, stack(0x000000626ab00000,0x000000626ac00000)]
  0x00000178b74e0800 JavaThread "Chunk Batcher 3" daemon [_thread_blocked, id=21896, stack(0x000000626aa00000,0x000000626ab00000)]
  0x00000178b74e2000 JavaThread "Chunk Batcher 2" daemon [_thread_blocked, id=9036, stack(0x000000626a900000,0x000000626aa00000)]
  0x00000178b74d7000 JavaThread "Chunk Batcher 1" daemon [_thread_blocked, id=24452, stack(0x000000626a800000,0x000000626a900000)]
  0x00000178b74db000 JavaThread "Chunk Batcher 0" daemon [_thread_blocked, id=10048, stack(0x000000626a700000,0x000000626a800000)]
  0x00000178b74d9800 JavaThread "Netty Server IO #1" daemon [_thread_in_native, id=24196, stack(0x000000626a100000,0x000000626a200000)]
  0x00000178b74dd800 JavaThread "Netty Local Client IO #0" daemon [_thread_blocked, id=26172, stack(0x0000006269c00000,0x0000006269d00000)]
  0x00000178b74d9000 JavaThread "Netty Server IO #0" daemon [_thread_in_native, id=26360, stack(0x0000006269b00000,0x0000006269c00000)]
  0x00000178b74dc800 JavaThread "File IO Thread" [_thread_blocked, id=15616, stack(0x0000006266b00000,0x0000006266c00000)]
  0x00000178b74d8000 JavaThread "Server thread" [_thread_blocked, id=16288, stack(0x0000006266a00000,0x0000006266b00000)]
  0x00000178b74dc000 JavaThread "Snooper Timer" daemon [_thread_blocked, id=24736, stack(0x0000006266900000,0x0000006266a00000)]
  0x000001789bcb1000 JavaThread "Narrator" daemon [_thread_blocked, id=3432, stack(0x0000006269900000,0x0000006269a00000)]
  0x000001789bcb0000 JavaThread "Thread-6" [_thread_blocked, id=22740, stack(0x0000006269e00000,0x0000006269f00000)]
  0x00000178a30a0800 JavaThread "Thread-5" [_thread_blocked, id=20196, stack(0x0000006269d00000,0x0000006269e00000)]
  0x00000178b4a3a000 JavaThread "LWJGL Timer" daemon [_thread_blocked, id=16796, stack(0x0000006269a00000,0x0000006269b00000)]
  0x000001789bd2b000 JavaThread "Java2D Disposer" daemon [_thread_blocked, id=13156, stack(0x0000006269200000,0x0000006269300000)]
  0x00000178a4e21000 JavaThread "Timer hack thread" daemon [_thread_blocked, id=23908, stack(0x0000006269100000,0x0000006269200000)]
  0x000001789f019800 JavaThread "Snooper Timer" daemon [_thread_blocked, id=20340, stack(0x0000006269000000,0x0000006269100000)]
  0x000001789bd25000 JavaThread "Service Thread" daemon [_thread_blocked, id=2360, stack(0x0000006268e00000,0x0000006268f00000)]
  0x000001789bcb1800 JavaThread "C1 CompilerThread11" daemon [_thread_blocked, id=25416, stack(0x0000006268d00000,0x0000006268e00000)]
  0x000001789bcb2800 JavaThread "C1 CompilerThread10" daemon [_thread_blocked, id=23692, stack(0x0000006268c00000,0x0000006268d00000)]
  0x000001789bcb5800 JavaThread "C1 CompilerThread9" daemon [_thread_blocked, id=7060, stack(0x0000006268b00000,0x0000006268c00000)]
  0x000001789bcb5000 JavaThread "C1 CompilerThread8" daemon [_thread_blocked, id=28632, stack(0x0000006268a00000,0x0000006268b00000)]
  0x000001789bc9a800 JavaThread "C2 CompilerThread7" daemon [_thread_blocked, id=24968, stack(0x0000006268900000,0x0000006268a00000)]
  0x000001789bc70800 JavaThread "C2 CompilerThread6" daemon [_thread_blocked, id=20348, stack(0x0000006268800000,0x0000006268900000)]
  0x000001789bc66000 JavaThread "C2 CompilerThread5" daemon [_thread_blocked, id=25956, stack(0x0000006268700000,0x0000006268800000)]
  0x000001789bc64000 JavaThread "C2 CompilerThread4" daemon [_thread_blocked, id=15448, stack(0x0000006268600000,0x0000006268700000)]
  0x000001789bc57800 JavaThread "C2 CompilerThread3" daemon [_thread_blocked, id=26552, stack(0x0000006268500000,0x0000006268600000)]
  0x000001789bc4b800 JavaThread "C2 CompilerThread2" daemon [_thread_blocked, id=22228, stack(0x0000006268400000,0x0000006268500000)]
  0x000001789bc4a800 JavaThread "C2 CompilerThread1" daemon [_thread_blocked, id=27540, stack(0x0000006268300000,0x0000006268400000)]
  0x000001789bc47800 JavaThread "C2 CompilerThread0" daemon [_thread_blocked, id=8152, stack(0x0000006268200000,0x0000006268300000)]
  0x000001789bc37800 JavaThread "JDWP Command Reader" daemon [_thread_in_native, id=2280, stack(0x0000006268100000,0x0000006268200000)]
  0x000001789bc33000 JavaThread "JDWP Event Helper Thread" daemon [_thread_blocked, id=28336, stack(0x0000006268000000,0x0000006268100000)]
  0x000001789bc1e000 JavaThread "JDWP Transport Listener: dt_socket" daemon [_thread_blocked, id=13616, stack(0x0000006267f00000,0x0000006268000000)]
  0x000001789bc11800 JavaThread "Attach Listener" daemon [_thread_blocked, id=26484, stack(0x0000006267e00000,0x0000006267f00000)]
  0x000001789bc0f000 JavaThread "Signal Dispatcher" daemon [_thread_blocked, id=12996, stack(0x0000006267d00000,0x0000006267e00000)]
  0x00000178fdfce000 JavaThread "Finalizer" daemon [_thread_blocked, id=25640, stack(0x0000006267c00000,0x0000006267d00000)]
  0x000001789bbe0800 JavaThread "Reference Handler" daemon [_thread_blocked, id=19740, stack(0x0000006267b00000,0x0000006267c00000)]
  0x00000178f9590000 JavaThread "Client thread" [_thread_blocked, id=8588, stack(0x0000006266c00000,0x0000006266d00000)]

Other Threads:
=>0x00000178fdfc4000 VMThread [stack: 0x0000006267a00000,0x0000006267b00000] [id=25728]
  0x000001789bd29000 WatcherThread [stack: 0x0000006268f00000,0x0000006269000000] [id=25896]

VM state:at safepoint (normal execution)

VM Mutex/Monitor currently owned by a thread:  ([mutex/lock_event])
[0x00000178f958d030] Threads_lock - owner thread: 0x00000178fdfc4000

heap address: 0x0000000640000000, size: 6144 MB, Compressed Oops mode: Zero based, Oop shift amount: 3
Narrow klass base: 0x0000000000000000, Narrow klass shift: 3
Compressed class space size: 1073741824 Address: 0x00000007c0000000

Heap:
 PSYoungGen      total 1253888K, used 583890K [0x0000000740000000, 0x00000007aae80000, 0x00000007c0000000)
  eden space 1172480K, 48% used [0x0000000740000000,0x000000076302dbb8,0x0000000787900000)
  from space 81408K, 12% used [0x000000078c900000,0x000000078d306e40,0x0000000791880000)
  to   space 81920K, 0% used [0x0000000787900000,0x0000000787900000,0x000000078c900000)
 ParOldGen       total 699392K, used 173193K [0x0000000640000000, 0x000000066ab00000, 0x0000000740000000)
  object space 699392K, 24% used [0x0000000640000000,0x000000064a9227a0,0x000000066ab00000)
 Metaspace       used 66890K, capacity 67991K, committed 68416K, reserved 1110016K
  class space    used 8286K, capacity 8559K, committed 8576K, reserved 1048576K

Card table byte_map: [0x00000178fb270000,0x00000178fbe80000] byte_map_base: 0x00000178f8070000

Marking Bits: (ParMarkBitMap*) 0x00000000544a63a0
 Begin Bits: [0x000001788f000000, 0x0000017895000000)
 End Bits:   [0x0000017895000000, 0x000001789b000000)

Polling page: 0x00000178f9640000

CodeCache: size=245760Kb used=41080Kb max_used=43149Kb free=204679Kb
 bounds [0x0000017880000000, 0x0000017882af0000, 0x000001788f000000]
 total_blobs=10981 nmethods=9953 adapters=943
 compilation: enabled

Compilation events (10 events):
Event: 334.272 Thread 0x000001789bc66000 13723       4       io.redstudioragnarok.fbp.gui.BasePage::drawScreen (412 bytes)
Event: 334.383 Thread 0x000001789bc66000 nmethod 13723 0x000001788235f950 code [0x0000017882360220, 0x0000017882366ce8]
Event: 334.544 Thread 0x000001789bc4b800 13724       4       io.redstudioragnarok.fbp.gui.GuiButtonEnable::drawButton (222 bytes)
Event: 334.570 Thread 0x000001789bc4b800 nmethod 13724 0x0000017882280090 code [0x0000017882280400, 0x0000017882282b18]
Event: 334.696 Thread 0x000001789bc47800 13725       4       io.redstudioragnarok.fbp.gui.Button::drawButton (393 bytes)
Event: 334.724 Thread 0x000001789bc47800 nmethod 13725 0x0000017881bb1ed0 code [0x0000017881bb23e0, 0x0000017881bb5ad0]
Event: 335.503 Thread 0x000001789bcb5000 13726       1       paulscode.sound.FilenameURL::getFilename (5 bytes)
Event: 335.504 Thread 0x000001789bcb5000 nmethod 13726 0x00000178818a9bd0 code [0x00000178818a9d20, 0x00000178818a9e38]
Event: 336.276 Thread 0x000001789bcb2800 13727       1       io.redstudioragnarok.fbp.gui.BasePage::drawTitle (1 bytes)
Event: 336.276 Thread 0x000001789bcb2800 nmethod 13727 0x00000178807c3f10 code [0x00000178807c4060, 0x00000178807c4178]

GC Heap History (10 events):
Event: 85.609 GC heap before
{Heap before GC invocations=14 (full 4):
 PSYoungGen      total 1229312K, used 0K [0x0000000740000000, 0x0000000795800000, 0x00000007c0000000)
  eden space 1172992K, 0% used [0x0000000740000000,0x0000000740000000,0x0000000787980000)
  from space 56320K, 0% used [0x000000078d980000,0x000000078d980000,0x0000000791080000)
  to   space 73216K, 0% used [0x0000000791080000,0x0000000791080000,0x0000000795800000)
 ParOldGen       total 699392K, used 142687K [0x0000000640000000, 0x000000066ab00000, 0x0000000740000000)
  object space 699392K, 20% used [0x0000000640000000,0x0000000648b57fd8,0x000000066ab00000)
 Metaspace       used 53488K, capacity 54299K, committed 54592K, reserved 1097728K
  class space    used 6731K, capacity 6971K, committed 7040K, reserved 1048576K
Event: 85.611 GC heap after
Heap after GC invocations=14 (full 4):
 PSYoungGen      total 1186304K, used 0K [0x0000000740000000, 0x0000000791d80000, 0x00000007c0000000)
  eden space 1172992K, 0% used [0x0000000740000000,0x0000000740000000,0x0000000787980000)
  from space 13312K, 0% used [0x0000000791080000,0x0000000791080000,0x0000000791d80000)
  to   space 83968K, 0% used [0x0000000787980000,0x0000000787980000,0x000000078cb80000)
 ParOldGen       total 699392K, used 142687K [0x0000000640000000, 0x000000066ab00000, 0x0000000740000000)
  object space 699392K, 20% used [0x0000000640000000,0x0000000648b57fd8,0x000000066ab00000)
 Metaspace       used 53488K, capacity 54299K, committed 54592K, reserved 1097728K
  class space    used 6731K, capacity 6971K, committed 7040K, reserved 1048576K
}
Event: 85.611 GC heap before
{Heap before GC invocations=15 (full 5):
 PSYoungGen      total 1186304K, used 0K [0x0000000740000000, 0x0000000791d80000, 0x00000007c0000000)
  eden space 1172992K, 0% used [0x0000000740000000,0x0000000740000000,0x0000000787980000)
  from space 13312K, 0% used [0x0000000791080000,0x0000000791080000,0x0000000791d80000)
  to   space 83968K, 0% used [0x0000000787980000,0x0000000787980000,0x000000078cb80000)
 ParOldGen       total 699392K, used 142687K [0x0000000640000000, 0x000000066ab00000, 0x0000000740000000)
  object space 699392K, 20% used [0x0000000640000000,0x0000000648b57fd8,0x000000066ab00000)
 Metaspace       used 53488K, capacity 54299K, committed 54592K, reserved 1097728K
  class space    used 6731K, capacity 6971K, committed 7040K, reserved 1048576K
Event: 85.648 GC heap after
Heap after GC invocations=15 (full 5):
 PSYoungGen      total 1186304K, used 0K [0x0000000740000000, 0x0000000791d80000, 0x00000007c0000000)
  eden space 1172992K, 0% used [0x0000000740000000,0x0000000740000000,0x0000000787980000)
  from space 13312K, 0% used [0x0000000791080000,0x0000000791080000,0x0000000791d80000)
  to   space 83968K, 0% used [0x0000000787980000,0x0000000787980000,0x000000078cb80000)
 ParOldGen       total 699392K, used 142687K [0x0000000640000000, 0x000000066ab00000, 0x0000000740000000)
  object space 699392K, 20% used [0x0000000640000000,0x0000000648b57fd8,0x000000066ab00000)
 Metaspace       used 53488K, capacity 54299K, committed 54592K, reserved 1097728K
  class space    used 6731K, capacity 6971K, committed 7040K, reserved 1048576K
}
Event: 87.741 GC heap before
{Heap before GC invocations=16 (full 5):
 PSYoungGen      total 1186304K, used 452812K [0x0000000740000000, 0x0000000791d80000, 0x00000007c0000000)
  eden space 1172992K, 38% used [0x0000000740000000,0x000000075ba333a8,0x0000000787980000)
  from space 13312K, 0% used [0x0000000791080000,0x0000000791080000,0x0000000791d80000)
  to   space 83968K, 0% used [0x0000000787980000,0x0000000787980000,0x000000078cb80000)
 ParOldGen       total 699392K, used 142687K [0x0000000640000000, 0x000000066ab00000, 0x0000000740000000)
  object space 699392K, 20% used [0x0000000640000000,0x0000000648b57fd8,0x000000066ab00000)
 Metaspace       used 64138K, capacity 65157K, committed 65728K, reserved 1105920K
  class space    used 8088K, capacity 8358K, committed 8448K, reserved 1048576K
Event: 87.754 GC heap after
Heap after GC invocations=16 (full 5):
 PSYoungGen      total 1217024K, used 43950K [0x0000000740000000, 0x0000000791880000, 0x00000007c0000000)
  eden space 1172992K, 0% used [0x0000000740000000,0x0000000740000000,0x0000000787980000)
  from space 44032K, 99% used [0x0000000787980000,0x000000078a46b818,0x000000078a480000)
  to   space 81408K, 0% used [0x000000078c900000,0x000000078c900000,0x0000000791880000)
 ParOldGen       total 699392K, used 142695K [0x0000000640000000, 0x000000066ab00000, 0x0000000740000000)
  object space 699392K, 20% used [0x0000000640000000,0x0000000648b59fd8,0x000000066ab00000)
 Metaspace       used 64138K, capacity 65157K, committed 65728K, reserved 1105920K
  class space    used 8088K, capacity 8358K, committed 8448K, reserved 1048576K
}
Event: 87.754 GC heap before
{Heap before GC invocations=17 (full 6):
 PSYoungGen      total 1217024K, used 43950K [0x0000000740000000, 0x0000000791880000, 0x00000007c0000000)
  eden space 1172992K, 0% used [0x0000000740000000,0x0000000740000000,0x0000000787980000)
  from space 44032K, 99% used [0x0000000787980000,0x000000078a46b818,0x000000078a480000)
  to   space 81408K, 0% used [0x000000078c900000,0x000000078c900000,0x0000000791880000)
 ParOldGen       total 699392K, used 142695K [0x0000000640000000, 0x000000066ab00000, 0x0000000740000000)
  object space 699392K, 20% used [0x0000000640000000,0x0000000648b59fd8,0x000000066ab00000)
 Metaspace       used 64138K, capacity 65157K, committed 65728K, reserved 1105920K
  class space    used 8088K, capacity 8358K, committed 8448K, reserved 1048576K
Event: 88.061 GC heap after
Heap after GC invocations=17 (full 6):
 PSYoungGen      total 1217024K, used 0K [0x0000000740000000, 0x0000000791880000, 0x00000007c0000000)
  eden space 1172992K, 0% used [0x0000000740000000,0x0000000740000000,0x0000000787980000)
  from space 44032K, 0% used [0x0000000787980000,0x0000000787980000,0x000000078a480000)
  to   space 81408K, 0% used [0x000000078c900000,0x000000078c900000,0x0000000791880000)
 ParOldGen       total 699392K, used 173185K [0x0000000640000000, 0x000000066ab00000, 0x0000000740000000)
  object space 699392K, 24% used [0x0000000640000000,0x000000064a9207a0,0x000000066ab00000)
 Metaspace       used 64138K, capacity 65157K, committed 65728K, reserved 1105920K
  class space    used 8088K, capacity 8358K, committed 8448K, reserved 1048576K
}
Event: 197.533 GC heap before
{Heap before GC invocations=18 (full 6):
 PSYoungGen      total 1217024K, used 1172992K [0x0000000740000000, 0x0000000791880000, 0x00000007c0000000)
  eden space 1172992K, 100% used [0x0000000740000000,0x0000000787980000,0x0000000787980000)
  from space 44032K, 0% used [0x0000000787980000,0x0000000787980000,0x000000078a480000)
  to   space 81408K, 0% used [0x000000078c900000,0x000000078c900000,0x0000000791880000)
 ParOldGen       total 699392K, used 173185K [0x0000000640000000, 0x000000066ab00000, 0x0000000740000000)
  object space 699392K, 24% used [0x0000000640000000,0x000000064a9207a0,0x000000066ab00000)
 Metaspace       used 66715K, capacity 67851K, committed 68160K, reserved 1110016K
  class space    used 8269K, capacity 8557K, committed 8576K, reserved 1048576K
Event: 197.539 GC heap after
Heap after GC invocations=18 (full 6):
 PSYoungGen      total 1253888K, used 10267K [0x0000000740000000, 0x00000007aae80000, 0x00000007c0000000)
  eden space 1172480K, 0% used [0x0000000740000000,0x0000000740000000,0x0000000787900000)
  from space 81408K, 12% used [0x000000078c900000,0x000000078d306e40,0x0000000791880000)
  to   space 81920K, 0% used [0x0000000787900000,0x0000000787900000,0x000000078c900000)
 ParOldGen       total 699392K, used 173193K [0x0000000640000000, 0x000000066ab00000, 0x0000000740000000)
  object space 699392K, 24% used [0x0000000640000000,0x000000064a9227a0,0x000000066ab00000)
 Metaspace       used 66715K, capacity 67851K, committed 68160K, reserved 1110016K
  class space    used 8269K, capacity 8557K, committed 8576K, reserved 1048576K
}

Deoptimization events (10 events):
Event: 289.552 Thread 0x00000178f9590000 Uncommon trap: reason=unstable_if action=reinterpret pc=0x00000178823e8644 method=io.redstudioragnarok.fbp.gui.BasePage.updateSliderHoverBox()V @ 13
Event: 294.000 Thread 0x00000178f9590000 Uncommon trap: reason=unstable_if action=reinterpret pc=0x00000178822d0428 method=io.redstudioragnarok.fbp.gui.GuiButtonEnable.drawButton(Lnet/minecraft/client/Minecraft;IIF)V @ 62
Event: 320.902 Thread 0x00000178f9590000 Uncommon trap: reason=unstable_if action=reinterpret pc=0x00000178824c18f4 method=io.redstudioragnarok.fbp.gui.Button.drawButton(Lnet/minecraft/client/Minecraft;IIF)V @ 191
Event: 321.349 Thread 0x00000178f9590000 Uncommon trap: reason=unstable_if action=reinterpret pc=0x00000178819d3a60 method=io.redstudioragnarok.fbp.gui.GuiUtils.isMouseInsideStadium(IIIIII)Z @ 137
Event: 333.604 Thread 0x00000178f9590000 Uncommon trap: reason=unstable_if action=reinterpret pc=0x00000178820c6e08 method=io.redstudioragnarok.fbp.gui.Button.drawButton(Lnet/minecraft/client/Minecraft;IIF)V @ 191
Event: 334.152 Thread 0x00000178a30a0800 Uncommon trap: reason=unstable_if action=reinterpret pc=0x000001788285b5e0 method=java.util.LinkedList.node(I)Ljava/util/LinkedList$Node; @ 49
Event: 334.153 Thread 0x00000178f9590000 Uncommon trap: reason=bimorphic action=maybe_recompile pc=0x0000017881b489bc method=io.redstudioragnarok.fbp.gui.BasePage.drawScreen(IIF)V @ 216
Event: 334.156 Thread 0x00000178f9590000 Uncommon trap: reason=bimorphic action=maybe_recompile pc=0x0000017881b489bc method=io.redstudioragnarok.fbp.gui.BasePage.drawScreen(IIF)V @ 216
Event: 334.160 Thread 0x00000178f9590000 Uncommon trap: reason=bimorphic action=maybe_recompile pc=0x0000017881b489bc method=io.redstudioragnarok.fbp.gui.BasePage.drawScreen(IIF)V @ 216
Event: 334.164 Thread 0x00000178f9590000 Uncommon trap: reason=bimorphic action=maybe_recompile pc=0x0000017881b489bc method=io.redstudioragnarok.fbp.gui.BasePage.drawScreen(IIF)V @ 216

Classes redefined (9 events):
Event: 286.781 Thread 0x00000178fdfc4000 redefined class name=io.redstudioragnarok.fbp.gui.Button$ButtonSize, count=1
Event: 286.826 Thread 0x00000178fdfc4000 redefined class name=io.redstudioragnarok.fbp.gui.Button, count=1
Event: 286.871 Thread 0x00000178fdfc4000 redefined class name=io.redstudioragnarok.fbp.gui.Button$1, count=1
Event: 295.202 Thread 0x00000178fdfc4000 redefined class name=io.redstudioragnarok.fbp.gui.Button$ButtonSize, count=2
Event: 295.248 Thread 0x00000178fdfc4000 redefined class name=io.redstudioragnarok.fbp.gui.Button, count=2
Event: 295.293 Thread 0x00000178fdfc4000 redefined class name=io.redstudioragnarok.fbp.gui.Button$1, count=2
Event: 330.627 Thread 0x00000178fdfc4000 redefined class name=io.redstudioragnarok.fbp.gui.Button$ButtonSize, count=3
Event: 330.676 Thread 0x00000178fdfc4000 redefined class name=io.redstudioragnarok.fbp.gui.Button, count=3
Event: 330.719 Thread 0x00000178fdfc4000 redefined class name=io.redstudioragnarok.fbp.gui.Button$1, count=3

Internal exceptions (10 events):
Event: 338.219 Thread 0x00000178a30a0800 Exception <a 'java/lang/InterruptedException': sleep interrupted> (0x0000000761c792e8) thrown at [C:\jenkins\workspace\Zulu\zulu-platform-build\zulu-src.git\hotspot\src\share\vm\prims\jvm.cpp, line 3374]
Event: 338.224 Thread 0x00000178a30a0800 Exception <a 'java/lang/InterruptedException': sleep interrupted> (0x0000000761c79590) thrown at [C:\jenkins\workspace\Zulu\zulu-platform-build\zulu-src.git\hotspot\src\share\vm\prims\jvm.cpp, line 3374]
Event: 338.228 Thread 0x00000178a30a0800 Exception <a 'java/lang/InterruptedException': sleep interrupted> (0x0000000761c79838) thrown at [C:\jenkins\workspace\Zulu\zulu-platform-build\zulu-src.git\hotspot\src\share\vm\prims\jvm.cpp, line 3374]
Event: 338.231 Thread 0x00000178a30a0800 Exception <a 'java/lang/InterruptedException': sleep interrupted> (0x0000000761c79ae0) thrown at [C:\jenkins\workspace\Zulu\zulu-platform-build\zulu-src.git\hotspot\src\share\vm\prims\jvm.cpp, line 3374]
Event: 338.236 Thread 0x00000178a30a0800 Exception <a 'java/lang/InterruptedException': sleep interrupted> (0x0000000761c79d88) thrown at [C:\jenkins\workspace\Zulu\zulu-platform-build\zulu-src.git\hotspot\src\share\vm\prims\jvm.cpp, line 3374]
Event: 338.239 Thread 0x00000178a30a0800 Exception <a 'java/lang/InterruptedException': sleep interrupted> (0x0000000761c7a030) thrown at [C:\jenkins\workspace\Zulu\zulu-platform-build\zulu-src.git\hotspot\src\share\vm\prims\jvm.cpp, line 3374]
Event: 338.245 Thread 0x00000178a30a0800 Exception <a 'java/lang/InterruptedException': sleep interrupted> (0x0000000761c7a2d8) thrown at [C:\jenkins\workspace\Zulu\zulu-platform-build\zulu-src.git\hotspot\src\share\vm\prims\jvm.cpp, line 3374]
Event: 338.248 Thread 0x00000178a30a0800 Exception <a 'java/lang/InterruptedException': sleep interrupted> (0x0000000761c7a580) thrown at [C:\jenkins\workspace\Zulu\zulu-platform-build\zulu-src.git\hotspot\src\share\vm\prims\jvm.cpp, line 3374]
Event: 338.251 Thread 0x00000178a30a0800 Exception <a 'java/lang/InterruptedException': sleep interrupted> (0x0000000761c7a828) thrown at [C:\jenkins\workspace\Zulu\zulu-platform-build\zulu-src.git\hotspot\src\share\vm\prims\jvm.cpp, line 3374]
Event: 338.258 Thread 0x00000178a30a0800 Exception <a 'java/lang/InterruptedException': sleep interrupted> (0x0000000761c7aad0) thrown at [C:\jenkins\workspace\Zulu\zulu-platform-build\zulu-src.git\hotspot\src\share\vm\prims\jvm.cpp, line 3374]

Events (10 events):
Event: 338.248 Thread 0x00000178a30a0800 DEOPT UNPACKING pc=0x00000178800472d8 sp=0x0000006269dfecb8 mode 1
Event: 338.251 Thread 0x00000178a30a0800 DEOPT PACKING pc=0x0000017881f8d85c sp=0x0000006269dfefa0
Event: 338.251 Thread 0x00000178a30a0800 DEOPT UNPACKING pc=0x00000178800472d8 sp=0x0000006269dfecb8 mode 1
Event: 338.254 Executing VM operation: ChangeBreakpoints
Event: 338.258 Executing VM operation: ChangeBreakpoints done
Event: 338.258 Thread 0x00000178a30a0800 DEOPT PACKING pc=0x0000017881f8d85c sp=0x0000006269dfefa0
Event: 338.258 Thread 0x00000178a30a0800 DEOPT UNPACKING pc=0x00000178800472d8 sp=0x0000006269dfecb8 mode 1
Event: 338.258 Executing VM operation: ForceSafepoint
Event: 338.258 Executing VM operation: ForceSafepoint done
Event: 338.261 Executing VM operation: GetOrSetLocal


Dynamic libraries:
0x00007ff744e90000 - 0x00007ff744ee1000 	C:\Users\desor\.gradle\jdks\azul_systems__inc_-8-amd64-windows\zulu8.70.0.23-ca-jdk8.0.372-win_x64\bin\java.exe
0x00007ffe43e90000 - 0x00007ffe440a4000 	C:\WINDOWS\SYSTEM32\ntdll.dll
0x00007ffe43080000 - 0x00007ffe43142000 	C:\WINDOWS\System32\KERNEL32.DLL
0x00007ffe41640000 - 0x00007ffe419dc000 	C:\WINDOWS\System32\KERNELBASE.dll
0x00007ffe42fd0000 - 0x00007ffe4307e000 	C:\WINDOWS\System32\ADVAPI32.dll
0x00007ffe43770000 - 0x00007ffe43817000 	C:\WINDOWS\System32\msvcrt.dll
0x00007ffe431c0000 - 0x00007ffe43264000 	C:\WINDOWS\System32\sechost.dll
0x00007ffe42df0000 - 0x00007ffe42f07000 	C:\WINDOWS\System32\RPCRT4.dll
0x00007ffe43ad0000 - 0x00007ffe43c7b000 	C:\WINDOWS\System32\USER32.dll
0x00007ffe419e0000 - 0x00007ffe41a06000 	C:\WINDOWS\System32\win32u.dll
0x00007ffe42f10000 - 0x00007ffe42f39000 	C:\WINDOWS\System32\GDI32.dll
0x00007ffe41a10000 - 0x00007ffe41b23000 	C:\WINDOWS\System32\gdi32full.dll
0x00007ffe412d0000 - 0x00007ffe4136a000 	C:\WINDOWS\System32\msvcp_win.dll
0x00007ffe41520000 - 0x00007ffe41631000 	C:\WINDOWS\System32\ucrtbase.dll
0x00007ffe27d10000 - 0x00007ffe27f9e000 	C:\WINDOWS\WinSxS\amd64_microsoft.windows.common-controls_6595b64144ccf1df_6.0.22621.608_none_a9444ca7c10bb01d\COMCTL32.dll
0x00007ffe42b60000 - 0x00007ffe42b91000 	C:\WINDOWS\System32\IMM32.DLL
0x00007ffe25b40000 - 0x00007ffe25b55000 	C:\Users\desor\.gradle\jdks\azul_systems__inc_-8-amd64-windows\zulu8.70.0.23-ca-jdk8.0.372-win_x64\jre\bin\vcruntime140.dll
0x00007ffded5e0000 - 0x00007ffded67b000 	C:\Users\desor\.gradle\jdks\azul_systems__inc_-8-amd64-windows\zulu8.70.0.23-ca-jdk8.0.372-win_x64\jre\bin\msvcp140.dll
0x0000000053cb0000 - 0x0000000054521000 	C:\Users\desor\.gradle\jdks\azul_systems__inc_-8-amd64-windows\zulu8.70.0.23-ca-jdk8.0.372-win_x64\jre\bin\server\jvm.dll
0x00007ffe42d60000 - 0x00007ffe42d68000 	C:\WINDOWS\System32\PSAPI.DLL
0x00007ffe3a0c0000 - 0x00007ffe3a0f4000 	C:\WINDOWS\SYSTEM32\WINMM.dll
0x00007ffe1dcd0000 - 0x00007ffe1dcd9000 	C:\WINDOWS\SYSTEM32\WSOCK32.dll
0x00007ffe39d10000 - 0x00007ffe39d1a000 	C:\WINDOWS\SYSTEM32\VERSION.dll
0x00007ffe42490000 - 0x00007ffe42501000 	C:\WINDOWS\System32\WS2_32.dll
0x00007ffe402d0000 - 0x00007ffe402e8000 	C:\WINDOWS\SYSTEM32\kernel.appcore.dll
0x00007ffe3bde0000 - 0x00007ffe3bdf0000 	C:\Users\desor\.gradle\jdks\azul_systems__inc_-8-amd64-windows\zulu8.70.0.23-ca-jdk8.0.372-win_x64\jre\bin\verify.dll
0x00007ffe1d910000 - 0x00007ffe1d93b000 	C:\Users\desor\.gradle\jdks\azul_systems__inc_-8-amd64-windows\zulu8.70.0.23-ca-jdk8.0.372-win_x64\jre\bin\java.dll
0x00007ffe1c690000 - 0x00007ffe1c6c6000 	C:\Users\desor\.gradle\jdks\azul_systems__inc_-8-amd64-windows\zulu8.70.0.23-ca-jdk8.0.372-win_x64\jre\bin\jdwp.dll
0x00007ffe3a420000 - 0x00007ffe3a429000 	C:\Users\desor\.gradle\jdks\azul_systems__inc_-8-amd64-windows\zulu8.70.0.23-ca-jdk8.0.372-win_x64\jre\bin\npt.dll
0x00007ffe25b20000 - 0x00007ffe25b38000 	C:\Users\desor\.gradle\jdks\azul_systems__inc_-8-amd64-windows\zulu8.70.0.23-ca-jdk8.0.372-win_x64\jre\bin\zip.dll
0x00007ffe41ca0000 - 0x00007ffe42490000 	C:\WINDOWS\System32\SHELL32.dll
0x00007ffe3f2e0000 - 0x00007ffe3fbad000 	C:\WINDOWS\SYSTEM32\windows.storage.dll
0x00007ffe42610000 - 0x00007ffe42999000 	C:\WINDOWS\System32\combase.dll
0x00007ffe3f1a0000 - 0x00007ffe3f2de000 	C:\WINDOWS\SYSTEM32\wintypes.dll
0x00007ffe42510000 - 0x00007ffe42601000 	C:\WINDOWS\System32\SHCORE.dll
0x00007ffe42d00000 - 0x00007ffe42d5e000 	C:\WINDOWS\System32\shlwapi.dll
0x00007ffe41200000 - 0x00007ffe41221000 	C:\WINDOWS\SYSTEM32\profapi.dll
0x00007ffe25a20000 - 0x00007ffe25a2a000 	C:\Users\desor\.gradle\jdks\azul_systems__inc_-8-amd64-windows\zulu8.70.0.23-ca-jdk8.0.372-win_x64\jre\bin\dt_socket.dll
0x00007ffe40790000 - 0x00007ffe407f9000 	C:\WINDOWS\system32\mswsock.dll
0x00007ffe214a0000 - 0x00007ffe214ad000 	C:\Users\desor\.gradle\jdks\azul_systems__inc_-8-amd64-windows\zulu8.70.0.23-ca-jdk8.0.372-win_x64\jre\bin\management.dll
0x00007ffe20c20000 - 0x00007ffe20c3c000 	C:\Users\desor\.gradle\jdks\azul_systems__inc_-8-amd64-windows\zulu8.70.0.23-ca-jdk8.0.372-win_x64\jre\bin\net.dll
0x00007ffe2c920000 - 0x00007ffe2c937000 	C:\WINDOWS\system32\napinsp.dll
0x00007ffe2c900000 - 0x00007ffe2c91b000 	C:\WINDOWS\system32\pnrpnsp.dll
0x00007ffe3fe70000 - 0x00007ffe3ff63000 	C:\WINDOWS\SYSTEM32\DNSAPI.dll
0x00007ffe3fe00000 - 0x00007ffe3fe2d000 	C:\WINDOWS\SYSTEM32\IPHLPAPI.DLL
0x00007ffe42d90000 - 0x00007ffe42d99000 	C:\WINDOWS\System32\NSI.dll
0x00007ffe2c7d0000 - 0x00007ffe2c7e1000 	C:\WINDOWS\System32\winrnr.dll
0x00007ffe2c7b0000 - 0x00007ffe2c7c5000 	C:\WINDOWS\system32\wshbth.dll
0x00007ffe2c360000 - 0x00007ffe2c381000 	C:\WINDOWS\system32\nlansp_c.dll
0x00007ffe32730000 - 0x00007ffe3273a000 	C:\Windows\System32\rasadhlp.dll
0x00007ffe38a50000 - 0x00007ffe38ad3000 	C:\WINDOWS\System32\fwpuclnt.dll
0x00007ffe1db40000 - 0x00007ffe1db53000 	C:\Users\desor\.gradle\jdks\azul_systems__inc_-8-amd64-windows\zulu8.70.0.23-ca-jdk8.0.372-win_x64\jre\bin\nio.dll
0x00007ffe409f0000 - 0x00007ffe40a0b000 	C:\WINDOWS\SYSTEM32\CRYPTSP.dll
0x00007ffe40290000 - 0x00007ffe402c5000 	C:\WINDOWS\system32\rsaenh.dll
0x00007ffe40890000 - 0x00007ffe408b8000 	C:\WINDOWS\SYSTEM32\USERENV.dll
0x00007ffe40b90000 - 0x00007ffe40bb8000 	C:\WINDOWS\SYSTEM32\bcrypt.dll
0x00007ffe41370000 - 0x00007ffe413eb000 	C:\WINDOWS\System32\bcryptprimitives.dll
0x00007ffe40a10000 - 0x00007ffe40a1c000 	C:\WINDOWS\SYSTEM32\CRYPTBASE.dll
0x00007ffe39e10000 - 0x00007ffe39e29000 	C:\WINDOWS\SYSTEM32\dhcpcsvc6.DLL
0x00007ffe39cd0000 - 0x00007ffe39cef000 	C:\WINDOWS\SYSTEM32\dhcpcsvc.DLL
0x00007ffe12400000 - 0x00007ffe12442000 	C:\Users\desor\AppData\Local\Temp\jna-95475061\jna7069689729441084744.dll
0x0000000180000000 - 0x0000000180053000 	C:\Users\desor\Documents\GitHub\Fancier-Block-Particles\run\natives\lwjgl2\lwjgl64.dll
0x00007ffe1f680000 - 0x00007ffe1f780000 	C:\WINDOWS\SYSTEM32\OPENGL32.dll
0x00007ffe3cc30000 - 0x00007ffe3cc5d000 	C:\WINDOWS\SYSTEM32\GLU32.dll
0x00007ffe3e9f0000 - 0x00007ffe3ea26000 	C:\WINDOWS\SYSTEM32\dxcore.dll
0x00007ffdec980000 - 0x00007ffdecb14000 	C:\Users\desor\.gradle\jdks\azul_systems__inc_-8-amd64-windows\zulu8.70.0.23-ca-jdk8.0.372-win_x64\jre\bin\awt.dll
0x00007ffe43850000 - 0x00007ffe43927000 	C:\WINDOWS\System32\OLEAUT32.dll
0x00007ffe3e720000 - 0x00007ffe3e7b6000 	C:\WINDOWS\SYSTEM32\apphelp.dll
0x00007ffe36dc0000 - 0x00007ffe36e7c000 	C:\WINDOWS\SYSTEM32\mscms.dll
0x00007ffe3e910000 - 0x00007ffe3e9bb000 	C:\WINDOWS\system32\uxtheme.dll
0x00007ffe43d30000 - 0x00007ffe43e4e000 	C:\WINDOWS\System32\MSCTF.dll
0x00007ffe31f80000 - 0x00007ffe320ae000 	C:\WINDOWS\SYSTEM32\textinputframework.dll
0x00007ffe3e440000 - 0x00007ffe3e573000 	C:\WINDOWS\SYSTEM32\CoreMessaging.dll
0x00007ffe39590000 - 0x00007ffe398fc000 	C:\WINDOWS\SYSTEM32\CoreUIComponents.dll
0x00007ffe43930000 - 0x00007ffe43acc000 	C:\WINDOWS\System32\ole32.dll
0x00007ffe43c80000 - 0x00007ffe43d30000 	C:\WINDOWS\System32\clbcatq.dll
0x00007ffe1c0e0000 - 0x00007ffe1c10d000 	C:\WINDOWS\System32\DriverStore\FileRepository\u0390767.inf_amd64_9b58a6f46b7bac50\B390703\atig6pxx.dll
0x00007ffdc6070000 - 0x00007ffdca585000 	C:\WINDOWS\System32\DriverStore\FileRepository\u0390767.inf_amd64_9b58a6f46b7bac50\B390703\atio6axx.dll
0x00007ffe43270000 - 0x00007ffe436e4000 	C:\WINDOWS\System32\SETUPAPI.dll
0x00007ffe3ed20000 - 0x00007ffe3ed4b000 	C:\WINDOWS\SYSTEM32\dwmapi.dll
0x00007ffe40f10000 - 0x00007ffe40f3c000 	C:\WINDOWS\SYSTEM32\DEVOBJ.dll
0x00007ffe40f40000 - 0x00007ffe40f8e000 	C:\WINDOWS\SYSTEM32\cfgmgr32.dll
0x00007ffe414b0000 - 0x00007ffe4151b000 	C:\WINDOWS\System32\WINTRUST.dll
0x00007ffe41b30000 - 0x00007ffe41c96000 	C:\WINDOWS\System32\CRYPT32.dll
0x00007ffe40ef0000 - 0x00007ffe40f02000 	C:\WINDOWS\SYSTEM32\MSASN1.dll
0x00007ffe36a90000 - 0x00007ffe36ad9000 	C:\WINDOWS\SYSTEM32\icm32.dll
0x00007ffe0fa40000 - 0x00007ffe0fa82000 	C:\Users\desor\AppData\Local\Temp\jna-95475061\jna2165377858996959653.dll
0x00000178a4b70000 - 0x00000178a4bd4000 	C:\Users\desor\Documents\GitHub\Fancier-Block-Particles\run\natives\lwjgl2\OpenAL64.dll
0x00007ffdebde0000 - 0x00007ffdebe82000 	C:\WINDOWS\SYSTEM32\dsound.dll
0x00007ffdebd20000 - 0x00007ffdebdd1000 	C:\WINDOWS\SYSTEM32\ResampleDmo.DLL
0x00007ffe40ff0000 - 0x00007ffe4103d000 	C:\WINDOWS\SYSTEM32\powrprof.dll
0x00007ffe1ba00000 - 0x00007ffe1ba29000 	C:\WINDOWS\SYSTEM32\winmmbase.dll
0x00007ffe21490000 - 0x00007ffe2149b000 	C:\WINDOWS\SYSTEM32\msdmo.dll
0x00007ffe40fd0000 - 0x00007ffe40fe3000 	C:\WINDOWS\SYSTEM32\UMPDC.dll
0x00007ffe38090000 - 0x00007ffe3812d000 	C:\WINDOWS\System32\MMDevApi.dll
0x00007ffe328b0000 - 0x00007ffe32a94000 	C:\WINDOWS\SYSTEM32\AUDIOSES.DLL
0x00007ffe3eda0000 - 0x00007ffe3edb5000 	C:\WINDOWS\SYSTEM32\resourcepolicyclient.dll
0x00007ffe1cff0000 - 0x00007ffe1d00a000 	C:\Users\desor\Documents\GitHub\Fancier-Block-Particles\run\natives\lwjgl2\SAPIWrapper_x64.dll
0x00007ffe1ba30000 - 0x00007ffe1ba54000 	C:\Users\desor\.gradle\jdks\azul_systems__inc_-8-amd64-windows\zulu8.70.0.23-ca-jdk8.0.372-win_x64\jre\bin\sunec.dll
0x00007ffe20ae0000 - 0x00007ffe20aed000 	C:\Users\desor\.gradle\jdks\azul_systems__inc_-8-amd64-windows\zulu8.70.0.23-ca-jdk8.0.372-win_x64\jre\bin\sunmscapi.dll
0x00007ffe40b60000 - 0x00007ffe40b8e000 	C:\WINDOWS\SYSTEM32\ncrypt.dll
0x00007ffe40b20000 - 0x00007ffe40b57000 	C:\WINDOWS\SYSTEM32\NTASN1.dll

VM Arguments:
jvm_args: -Dfml.ignoreInvalidMinecraftCertificates=true -Djava.library.path=C:\Users\desor\Documents\GitHub\Fancier-Block-Particles\run\natives\lwjgl2;C:\Program Files\Eclipse Adoptium\jdk-8.0.372.7-hotspot\bin;C:\WINDOWS\Sun\Java\bin;C:\WINDOWS\system32;C:\WINDOWS;C:\Program Files (x86)\Razer Chroma SDK\bin;C:\Program Files\Razer Chroma SDK\bin;C:\Program Files\Eclipse Adoptium\jdk-8.0.372.7-hotspot\bin;C:\Program Files\Eclipse Adoptium\jdk-17.0.6.10-hotspot\bin;C:\Program Files\Eclipse Adoptium\jdk-19.0.2.7-hotspot\bin;C:\Program Files\Eclipse Adoptium\jdk-20.0.0.36-hotspot\bin;C:\Program Files (x86)\Razer\ChromaBroadcast\bin;C:\Program Files\Razer\ChromaBroadcast\bin;C:\WINDOWS\system32;C:\WINDOWS;C:\WINDOWS\System32\Wbem;C:\WINDOWS\System32\WindowsPowerShell\v1.0\;C:\Users\desor\AppData\Local\Microsoft\WindowsApps;C:\Users\desor\AppData\Local\GitHubDesktop\bin;C:\Users\desor\AppData\Local\JetBrains\Toolbox\scripts;C:\WINDOWS\system32\config\systemprofile\AppData\Local\Microsoft\WindowsApps;;. -agentlib:jdwp=transport=dt_socket,server=n,suspend=y,address=127.0.0.1:53551 -Xms1G -Xmx6G -Dfile.encoding=windows-1252 -Duser.country=US -Duser.language=en -Duser.variant 
java_command: GradleStart --username Desoroxxx --version FML_DEV --gameDir C:\Users\desor\Documents\GitHub\Fancier-Block-Particles\run --assetsDir C:\Users\desor\.gradle\caches\retro_futura_gradle\assets --assetIndex 1.12.2 --uuid 0dd4a370-b4d6-4009-af06-20663168c57b --userProperties {} --accessToken 0
java_class_path (initial): C:\Users\desor\.gradle\caches\modules-2\files-2.1\org.lwjgl.lwjgl\lwjgl_util\2.9.4-nightly-20150209\d51a7c040a721d13efdfbd34f8b257b2df882ad0\lwjgl_util-2.9.4-nightly-20150209.jar;C:\Users\desor\.gradle\caches\modules-2\files-2.1\org.lwjgl.lwjgl\lwjgl\2.9.4-nightly-20150209\697517568c68e78ae0b4544145af031c81082dfe\lwjgl-2.9.4-nightly-20150209.jar;C:\Users\desor\.gradle\caches\modules-2\files-2.1\org.lwjgl.lwjgl\lwjgl-platform\2.9.4-nightly-20150209\b84d5102b9dbfabfeb5e43c7e2828d98a7fc80e0\lwjgl-platform-2.9.4-nightly-20150209-natives-windows.jar;C:\Users\desor\.gradle\caches\modules-2\files-2.1\org.lwjgl.lwjgl\lwjgl-platform\2.9.4-nightly-20150209\931074f46c795d2f7b30ed6395df5715cfd7675b\lwjgl-platform-2.9.4-nightly-20150209-natives-linux.jar;C:\Users\desor\.gradle\caches\modules-2\files-2.1\org.lwjgl.lwjgl\lwjgl-platform\2.9.4-nightly-20150209\bcab850f8f487c3f4c4dbabde778bb82bd1a40ed\lwjgl-platform-2.9.4-nightly-20150209-natives-osx.jar;C:\Users\desor\.gradle\caches\modules-2\files-2.1\net.java.jinput\jinput\2.0.5\39c7796b469a600f72380316f6b1f11db6c2c7c4\jinput-2.0.5.jar;C:\Users\desor\.gradle\caches\modules-2\files-2.1\net.java.jutils\jutils\1.0.0\e12fe1fda814bd348c1579329c86943d2cd3c6a6\jutils-1.0.0.jar;C:\Users\desor\.gradle\caches\modules-2\files-2.1\net.java.jinput\jinput-platform\2.0.5\7ff832a6eb9ab6a767f1ade2b548092d0fa64795\jinput-platform-2.0.5-natives-linux.jar;C:\Users\desor\.gradle\caches\modules-2\files-2.1\net.java.jinput\jinput-platform\2.0.5\385ee093e01f587f30ee1c8a2ee7d408fd732e16\jinput-platform-2.0.5-natives-windows.jar;C:\Users\desor\.gradle\caches\modules-2\files-2.1\net.java.jinput\jinput-platform\2.0.5\53f9c919f34d2ca9de8c51fc4e1e8282029a9232\jinput-platform-2.0.5-natives-osx.jar;C:\Users\desor\Documents\GitHub\Fancier-Block-Particles\build\rfg\mclauncher-1.12.2.jar;C:\Users\desor\Documents\GitHub\Fancier-Block-Particles\build\rfg\recompiled_minecraft-1.12.2.jar;C:\Users\desor\.gradle\caches\modules-2\files-2.1\net
Launcher Type: SUN_STANDARD

Environment Variables:
JAVA_HOME=C:\Program Files\Eclipse Adoptium\jdk-20.0.0.36-hotspot\
PATH=C:\Program Files (x86)\Razer Chroma SDK\bin;C:\Program Files\Razer Chroma SDK\bin;C:\Program Files\Eclipse Adoptium\jdk-8.0.372.7-hotspot\bin;C:\Program Files\Eclipse Adoptium\jdk-17.0.6.10-hotspot\bin;C:\Program Files\Eclipse Adoptium\jdk-19.0.2.7-hotspot\bin;C:\Program Files\Eclipse Adoptium\jdk-20.0.0.36-hotspot\bin;C:\Program Files (x86)\Razer\ChromaBroadcast\bin;C:\Program Files\Razer\ChromaBroadcast\bin;C:\WINDOWS\system32;C:\WINDOWS;C:\WINDOWS\System32\Wbem;C:\WINDOWS\System32\WindowsPowerShell\v1.0\;C:\Users\desor\AppData\Local\Microsoft\WindowsApps;C:\Users\desor\AppData\Local\GitHubDesktop\bin;C:\Users\desor\AppData\Local\JetBrains\Toolbox\scripts;C:\WINDOWS\system32\config\systemprofile\AppData\Local\Microsoft\WindowsApps;
USERNAME=desor
OS=Windows_NT
PROCESSOR_IDENTIFIER=AMD64 Family 25 Model 33 Stepping 2, AuthenticAMD



---------------  S Y S T E M  ---------------

OS: Windows 11 , 64 bit Build 22621 (10.0.22621.1485)

CPU:total 16 (initial active 16) (16 cores per cpu, 1 threads per core) family 25 model 33 stepping 2, cmov, cx8, fxsr, mmx, sse, sse2, sse3, ssse3, sse4.1, sse4.2, popcnt, avx, avx2, aes, clmul, erms, mmxext, 3dnowpref, lzcnt, sse4a, tsc, tscinvbit, tscinv, bmi1

Memory: 4k page, physical 50202576k(28391064k free), swap 53348304k(22546844k free)

vm_info: OpenJDK 64-Bit Server VM (25.372-b07) for windows-amd64 JRE (Zulu 8.70.0.23-CA-win64) (1.8.0_372-b07), built on Apr 18 2023 08:42:41 by "tester" with MS VC++ 15.9 (VS2017)

time: Sun Apr 30 00:21:03 2023
timezone: Romance Daylight Time
elapsed time: 338.280889 seconds (0d 0h 5m 38s)

